[01m[K/home/cexxo/excercise4_ws/src/my_package/src/laserScanner.cpp:[m[K In function ‘[01m[Kvoid kMeansClustering(std::vector<std::vector<float> >, std::vector<float>&, int, int)[m[K’:
[01m[K/home/cexxo/excercise4_ws/src/my_package/src/laserScanner.cpp:8:50:[m[K [01;31m[Kerror: [m[Kno matching function for call to ‘[01m[Kstd::vector<float>::push_back(__gnu_cxx::__alloc_traits<std::allocator<std::vector<float> >, std::vector<float> >::value_type&)[m[K’
    8 |    centers.push_back(points[rand()%points.size()][01;31m[K)[m[K;
      |                                                  [01;31m[K^[m[K
In file included from [01m[K/usr/include/c++/9/vector:67[m[K,
                 from [01m[K/usr/include/boost/math/special_functions/math_fwd.hpp:26[m[K,
                 from [01m[K/usr/include/boost/math/special_functions/round.hpp:15[m[K,
                 from [01m[K/opt/ros/noetic/include/ros/time.h:58[m[K,
                 from [01m[K/opt/ros/noetic/include/ros/ros.h:38[m[K,
                 from [01m[K/home/cexxo/excercise4_ws/src/my_package/src/laserScanner.cpp:1[m[K:
[01m[K/usr/include/c++/9/bits/stl_vector.h:1184:7:[m[K [01;36m[Knote: [m[Kcandidate: ‘[01m[Kvoid std::vector<_Tp, _Alloc>::push_back(const value_type&) [with _Tp = float; _Alloc = std::allocator<float>; std::vector<_Tp, _Alloc>::value_type = float][m[K’
 1184 |       [01;36m[Kpush_back[m[K(const value_type& __x)
      |       [01;36m[K^~~~~~~~~[m[K
[01m[K/usr/include/c++/9/bits/stl_vector.h:1184:35:[m[K [01;36m[Knote: [m[K  no known conversion for argument 1 from ‘[01m[K__gnu_cxx::__alloc_traits<std::allocator<std::vector<float> >, std::vector<float> >::value_type[m[K’ {aka ‘[01m[Kstd::vector<float>[m[K’} to ‘[01m[Kconst value_type&[m[K’ {aka ‘[01m[Kconst float&[m[K’}
 1184 |       push_back([01;36m[Kconst value_type& __x[m[K)
      |                 [01;36m[K~~~~~~~~~~~~~~~~~~^~~[m[K
[01m[K/usr/include/c++/9/bits/stl_vector.h:1200:7:[m[K [01;36m[Knote: [m[Kcandidate: ‘[01m[Kvoid std::vector<_Tp, _Alloc>::push_back(std::vector<_Tp, _Alloc>::value_type&&) [with _Tp = float; _Alloc = std::allocator<float>; std::vector<_Tp, _Alloc>::value_type = float][m[K’
 1200 |       [01;36m[Kpush_back[m[K(value_type&& __x)
      |       [01;36m[K^~~~~~~~~[m[K
[01m[K/usr/include/c++/9/bits/stl_vector.h:1200:30:[m[K [01;36m[Knote: [m[K  no known conversion for argument 1 from ‘[01m[K__gnu_cxx::__alloc_traits<std::allocator<std::vector<float> >, std::vector<float> >::value_type[m[K’ {aka ‘[01m[Kstd::vector<float>[m[K’} to ‘[01m[Kstd::vector<float>::value_type&&[m[K’ {aka ‘[01m[Kfloat&&[m[K’}
 1200 |       push_back([01;36m[Kvalue_type&& __x[m[K)
      |                 [01;36m[K~~~~~~~~~~~~~^~~[m[K
make[2]: *** [CMakeFiles/laserScanner.dir/build.make:63: CMakeFiles/laserScanner.dir/src/laserScanner.cpp.o] Error 1
make[1]: *** [CMakeFiles/Makefile2:701: CMakeFiles/laserScanner.dir/all] Error 2
make: *** [Makefile:141: all] Error 2
