[01m[K/home/cexxo/excercise4_ws/src/my_package/src/laserScanner.cpp:[m[K In function ‘[01m[Kvoid msgCallback(const LaserScanPtr&)[m[K’:
[01m[K/home/cexxo/excercise4_ws/src/my_package/src/laserScanner.cpp:36:20:[m[K [01;31m[Kerror: [m[Kno match for ‘[01m[Koperator=[m[K’ (operand types are ‘[01m[Kstd::vector<std::vector<float> >[m[K’ and ‘[01m[K__gnu_cxx::__alloc_traits<std::allocator<std::vector<float> >, std::vector<float> >::value_type[m[K’ {aka ‘[01m[Kstd::vector<float>[m[K’})
   36 |  centers = points[0[01;31m[K][m[K;
      |                    [01;31m[K^[m[K
In file included from [01m[K/usr/include/c++/9/vector:72[m[K,
                 from [01m[K/usr/include/boost/math/special_functions/math_fwd.hpp:26[m[K,
                 from [01m[K/usr/include/boost/math/special_functions/round.hpp:15[m[K,
                 from [01m[K/opt/ros/noetic/include/ros/time.h:58[m[K,
                 from [01m[K/opt/ros/noetic/include/ros/ros.h:38[m[K,
                 from [01m[K/home/cexxo/excercise4_ws/src/my_package/src/laserScanner.cpp:1[m[K:
[01m[K/usr/include/c++/9/bits/vector.tcc:198:5:[m[K [01;36m[Knote: [m[Kcandidate: ‘[01m[Kstd::vector<_Tp, _Alloc>& std::vector<_Tp, _Alloc>::operator=(const std::vector<_Tp, _Alloc>&) [with _Tp = std::vector<float>; _Alloc = std::allocator<std::vector<float> >][m[K’
  198 |     [01;36m[Kvector<_Tp, _Alloc>[m[K::
      |     [01;36m[K^~~~~~~~~~~~~~~~~~~[m[K
[01m[K/usr/include/c++/9/bits/vector.tcc:199:42:[m[K [01;36m[Knote: [m[K  no known conversion for argument 1 from ‘[01m[K__gnu_cxx::__alloc_traits<std::allocator<std::vector<float> >, std::vector<float> >::value_type[m[K’ {aka ‘[01m[Kstd::vector<float>[m[K’} to ‘[01m[Kconst std::vector<std::vector<float> >&[m[K’
  199 |     operator=([01;36m[Kconst vector<_Tp, _Alloc>& __x[m[K)
      |               [01;36m[K~~~~~~~~~~~~~~~~~~~~~~~~~~~^~~[m[K
In file included from [01m[K/usr/include/c++/9/vector:67[m[K,
                 from [01m[K/usr/include/boost/math/special_functions/math_fwd.hpp:26[m[K,
                 from [01m[K/usr/include/boost/math/special_functions/round.hpp:15[m[K,
                 from [01m[K/opt/ros/noetic/include/ros/time.h:58[m[K,
                 from [01m[K/opt/ros/noetic/include/ros/ros.h:38[m[K,
                 from [01m[K/home/cexxo/excercise4_ws/src/my_package/src/laserScanner.cpp:1[m[K:
[01m[K/usr/include/c++/9/bits/stl_vector.h:706:7:[m[K [01;36m[Knote: [m[Kcandidate: ‘[01m[Kstd::vector<_Tp, _Alloc>& std::vector<_Tp, _Alloc>::operator=(std::vector<_Tp, _Alloc>&&) [with _Tp = std::vector<float>; _Alloc = std::allocator<std::vector<float> >][m[K’
  706 |       [01;36m[Koperator[m[K=(vector&& __x) noexcept(_Alloc_traits::_S_nothrow_move())
      |       [01;36m[K^~~~~~~~[m[K
[01m[K/usr/include/c++/9/bits/stl_vector.h:706:26:[m[K [01;36m[Knote: [m[K  no known conversion for argument 1 from ‘[01m[K__gnu_cxx::__alloc_traits<std::allocator<std::vector<float> >, std::vector<float> >::value_type[m[K’ {aka ‘[01m[Kstd::vector<float>[m[K’} to ‘[01m[Kstd::vector<std::vector<float> >&&[m[K’
  706 |       operator=([01;36m[Kvector&& __x[m[K) noexcept(_Alloc_traits::_S_nothrow_move())
      |                 [01;36m[K~~~~~~~~~^~~[m[K
[01m[K/usr/include/c++/9/bits/stl_vector.h:727:7:[m[K [01;36m[Knote: [m[Kcandidate: ‘[01m[Kstd::vector<_Tp, _Alloc>& std::vector<_Tp, _Alloc>::operator=(std::initializer_list<_Tp>) [with _Tp = std::vector<float>; _Alloc = std::allocator<std::vector<float> >][m[K’
  727 |       [01;36m[Koperator[m[K=(initializer_list<value_type> __l)
      |       [01;36m[K^~~~~~~~[m[K
[01m[K/usr/include/c++/9/bits/stl_vector.h:727:46:[m[K [01;36m[Knote: [m[K  no known conversion for argument 1 from ‘[01m[K__gnu_cxx::__alloc_traits<std::allocator<std::vector<float> >, std::vector<float> >::value_type[m[K’ {aka ‘[01m[Kstd::vector<float>[m[K’} to ‘[01m[Kstd::initializer_list<std::vector<float> >[m[K’
  727 |       operator=([01;36m[Kinitializer_list<value_type> __l[m[K)
      |                 [01;36m[K~~~~~~~~~~~~~~~~~~~~~~~~~~~~~^~~[m[K
make[2]: *** [CMakeFiles/laserScanner.dir/build.make:63: CMakeFiles/laserScanner.dir/src/laserScanner.cpp.o] Error 1
make[1]: *** [CMakeFiles/Makefile2:701: CMakeFiles/laserScanner.dir/all] Error 2
make: *** [Makefile:141: all] Error 2
