In file included from [01m[K/opt/ros/noetic/include/ros/ros.h:40[m[K,
                 from [01m[K/home/cexxo39/excercise4_ws/src/my_package/src/laserScanner.cpp:1[m[K:
[01m[K/home/cexxo39/excercise4_ws/src/my_package/src/laserScanner.cpp:[m[K In function ‘[01m[Kvoid msgCallback(const LaserScanPtr&)[m[K’:
[01m[K/home/cexxo39/excercise4_ws/src/my_package/src/laserScanner.cpp:7:12:[m[K [01;35m[Kwarning: [m[Kformat ‘[01m[K%d[m[K’ expects argument of type ‘[01m[Kint[m[K’, but argument 8 has type ‘[01m[Kdouble[m[K’ [[01;35m[K-Wformat=[m[K]
    7 |   ROS_INFO([01;35m[K"range %d is %f"[m[K, ls->ranges[i]);
      |            [01;35m[K^~~~~~~~~~~~~~~~[m[K
[01m[K/opt/ros/noetic/include/ros/console.h:351:165:[m[K [01;36m[Knote: [m[Kin definition of macro ‘[01m[KROSCONSOLE_PRINT_AT_LOCATION_WITH_FILTER[m[K’
  351 |     ::ros::console::print(filter, __rosconsole_define_location__loc.logger_, __rosconsole_define_location__loc.level_, __FILE__, __LINE__, __ROSCONSOLE_FUNCTION__, [01;36m[K__VA_ARGS__[m[K)
      |                                                                                                                                                                     [01;36m[K^~~~~~~~~~~[m[K
[01m[K/opt/ros/noetic/include/ros/console.h:390:7:[m[K [01;36m[Knote: [m[Kin expansion of macro ‘[01m[KROSCONSOLE_PRINT_AT_LOCATION[m[K’
  390 |       [01;36m[KROSCONSOLE_PRINT_AT_LOCATION[m[K(__VA_ARGS__); \
      |       [01;36m[K^~~~~~~~~~~~~~~~~~~~~~~~~~~~[m[K
[01m[K/opt/ros/noetic/include/ros/console.h:575:35:[m[K [01;36m[Knote: [m[Kin expansion of macro ‘[01m[KROS_LOG_COND[m[K’
  575 | #define ROS_LOG(level, name, ...) [01;36m[KROS_LOG_COND[m[K(true, level, name, __VA_ARGS__)
      |                                   [01;36m[K^~~~~~~~~~~~[m[K
[01m[K/opt/ros/noetic/include/rosconsole/macros_generated.h:110:23:[m[K [01;36m[Knote: [m[Kin expansion of macro ‘[01m[KROS_LOG[m[K’
  110 | #define ROS_INFO(...) [01;36m[KROS_LOG[m[K(::ros::console::levels::Info, ROSCONSOLE_DEFAULT_NAME, __VA_ARGS__)
      |                       [01;36m[K^~~~~~~[m[K
[01m[K/home/cexxo39/excercise4_ws/src/my_package/src/laserScanner.cpp:7:3:[m[K [01;36m[Knote: [m[Kin expansion of macro ‘[01m[KROS_INFO[m[K’
    7 |   [01;36m[KROS_INFO[m[K("range %d is %f", ls->ranges[i]);
      |   [01;36m[K^~~~~~~~[m[K
[01m[K/home/cexxo39/excercise4_ws/src/my_package/src/laserScanner.cpp:7:20:[m[K [01;36m[Knote: [m[Kformat string is defined here
    7 |   ROS_INFO("range [01;36m[K%d[m[K is %f", ls->ranges[i]);
      |                   [01;36m[K~^[m[K
      |                    [01;36m[K|[m[K
      |                    [01;36m[Kint[m[K
      |                   [32m[K%f[m[K
In file included from [01m[K/opt/ros/noetic/include/ros/ros.h:40[m[K,
                 from [01m[K/home/cexxo39/excercise4_ws/src/my_package/src/laserScanner.cpp:1[m[K:
[01m[K/home/cexxo39/excercise4_ws/src/my_package/src/laserScanner.cpp:7:12:[m[K [01;35m[Kwarning: [m[Kformat ‘[01m[K%f[m[K’ expects a matching ‘[01m[Kdouble[m[K’ argument [[01;35m[K-Wformat=[m[K]
    7 |   ROS_INFO([01;35m[K"range %d is %f"[m[K, ls->ranges[i]);
      |            [01;35m[K^~~~~~~~~~~~~~~~[m[K
[01m[K/opt/ros/noetic/include/ros/console.h:351:165:[m[K [01;36m[Knote: [m[Kin definition of macro ‘[01m[KROSCONSOLE_PRINT_AT_LOCATION_WITH_FILTER[m[K’
  351 |     ::ros::console::print(filter, __rosconsole_define_location__loc.logger_, __rosconsole_define_location__loc.level_, __FILE__, __LINE__, __ROSCONSOLE_FUNCTION__, [01;36m[K__VA_ARGS__[m[K)
      |                                                                                                                                                                     [01;36m[K^~~~~~~~~~~[m[K
[01m[K/opt/ros/noetic/include/ros/console.h:390:7:[m[K [01;36m[Knote: [m[Kin expansion of macro ‘[01m[KROSCONSOLE_PRINT_AT_LOCATION[m[K’
  390 |       [01;36m[KROSCONSOLE_PRINT_AT_LOCATION[m[K(__VA_ARGS__); \
      |       [01;36m[K^~~~~~~~~~~~~~~~~~~~~~~~~~~~[m[K
[01m[K/opt/ros/noetic/include/ros/console.h:575:35:[m[K [01;36m[Knote: [m[Kin expansion of macro ‘[01m[KROS_LOG_COND[m[K’
  575 | #define ROS_LOG(level, name, ...) [01;36m[KROS_LOG_COND[m[K(true, level, name, __VA_ARGS__)
      |                                   [01;36m[K^~~~~~~~~~~~[m[K
[01m[K/opt/ros/noetic/include/rosconsole/macros_generated.h:110:23:[m[K [01;36m[Knote: [m[Kin expansion of macro ‘[01m[KROS_LOG[m[K’
  110 | #define ROS_INFO(...) [01;36m[KROS_LOG[m[K(::ros::console::levels::Info, ROSCONSOLE_DEFAULT_NAME, __VA_ARGS__)
      |                       [01;36m[K^~~~~~~[m[K
[01m[K/home/cexxo39/excercise4_ws/src/my_package/src/laserScanner.cpp:7:3:[m[K [01;36m[Knote: [m[Kin expansion of macro ‘[01m[KROS_INFO[m[K’
    7 |   [01;36m[KROS_INFO[m[K("range %d is %f", ls->ranges[i]);
      |   [01;36m[K^~~~~~~~[m[K
[01m[K/home/cexxo39/excercise4_ws/src/my_package/src/laserScanner.cpp:7:26:[m[K [01;36m[Knote: [m[Kformat string is defined here
    7 |   ROS_INFO("range %d is [01;36m[K%f[m[K", ls->ranges[i]);
      |                         [01;36m[K~^[m[K
      |                          [01;36m[K|[m[K
      |                          [01;36m[Kdouble[m[K
In file included from [01m[K/opt/ros/noetic/include/ros/ros.h:40[m[K,
                 from [01m[K/home/cexxo39/excercise4_ws/src/my_package/src/laserScanner.cpp:1[m[K:
[01m[K/home/cexxo39/excercise4_ws/src/my_package/src/laserScanner.cpp:8:12:[m[K [01;35m[Kwarning: [m[Kformat ‘[01m[K%d[m[K’ expects argument of type ‘[01m[Kint[m[K’, but argument 8 has type ‘[01m[Kdouble[m[K’ [[01;35m[K-Wformat=[m[K]
    8 |   ROS_INFO([01;35m[K"Intensity %d is %f"[m[K, ls->intensities[i]);
      |            [01;35m[K^~~~~~~~~~~~~~~~~~~~[m[K
[01m[K/opt/ros/noetic/include/ros/console.h:351:165:[m[K [01;36m[Knote: [m[Kin definition of macro ‘[01m[KROSCONSOLE_PRINT_AT_LOCATION_WITH_FILTER[m[K’
  351 |     ::ros::console::print(filter, __rosconsole_define_location__loc.logger_, __rosconsole_define_location__loc.level_, __FILE__, __LINE__, __ROSCONSOLE_FUNCTION__, [01;36m[K__VA_ARGS__[m[K)
      |                                                                                                                                                                     [01;36m[K^~~~~~~~~~~[m[K
[01m[K/opt/ros/noetic/include/ros/console.h:390:7:[m[K [01;36m[Knote: [m[Kin expansion of macro ‘[01m[KROSCONSOLE_PRINT_AT_LOCATION[m[K’
  390 |       [01;36m[KROSCONSOLE_PRINT_AT_LOCATION[m[K(__VA_ARGS__); \
      |       [01;36m[K^~~~~~~~~~~~~~~~~~~~~~~~~~~~[m[K
[01m[K/opt/ros/noetic/include/ros/console.h:575:35:[m[K [01;36m[Knote: [m[Kin expansion of macro ‘[01m[KROS_LOG_COND[m[K’
  575 | #define ROS_LOG(level, name, ...) [01;36m[KROS_LOG_COND[m[K(true, level, name, __VA_ARGS__)
      |                                   [01;36m[K^~~~~~~~~~~~[m[K
[01m[K/opt/ros/noetic/include/rosconsole/macros_generated.h:110:23:[m[K [01;36m[Knote: [m[Kin expansion of macro ‘[01m[KROS_LOG[m[K’
  110 | #define ROS_INFO(...) [01;36m[KROS_LOG[m[K(::ros::console::levels::Info, ROSCONSOLE_DEFAULT_NAME, __VA_ARGS__)
      |                       [01;36m[K^~~~~~~[m[K
[01m[K/home/cexxo39/excercise4_ws/src/my_package/src/laserScanner.cpp:8:3:[m[K [01;36m[Knote: [m[Kin expansion of macro ‘[01m[KROS_INFO[m[K’
    8 |   [01;36m[KROS_INFO[m[K("Intensity %d is %f", ls->intensities[i]);
      |   [01;36m[K^~~~~~~~[m[K
[01m[K/home/cexxo39/excercise4_ws/src/my_package/src/laserScanner.cpp:8:24:[m[K [01;36m[Knote: [m[Kformat string is defined here
    8 |   ROS_INFO("Intensity [01;36m[K%d[m[K is %f", ls->intensities[i]);
      |                       [01;36m[K~^[m[K
      |                        [01;36m[K|[m[K
      |                        [01;36m[Kint[m[K
      |                       [32m[K%f[m[K
In file included from [01m[K/opt/ros/noetic/include/ros/ros.h:40[m[K,
                 from [01m[K/home/cexxo39/excercise4_ws/src/my_package/src/laserScanner.cpp:1[m[K:
[01m[K/home/cexxo39/excercise4_ws/src/my_package/src/laserScanner.cpp:8:12:[m[K [01;35m[Kwarning: [m[Kformat ‘[01m[K%f[m[K’ expects a matching ‘[01m[Kdouble[m[K’ argument [[01;35m[K-Wformat=[m[K]
    8 |   ROS_INFO([01;35m[K"Intensity %d is %f"[m[K, ls->intensities[i]);
      |            [01;35m[K^~~~~~~~~~~~~~~~~~~~[m[K
[01m[K/opt/ros/noetic/include/ros/console.h:351:165:[m[K [01;36m[Knote: [m[Kin definition of macro ‘[01m[KROSCONSOLE_PRINT_AT_LOCATION_WITH_FILTER[m[K’
  351 |     ::ros::console::print(filter, __rosconsole_define_location__loc.logger_, __rosconsole_define_location__loc.level_, __FILE__, __LINE__, __ROSCONSOLE_FUNCTION__, [01;36m[K__VA_ARGS__[m[K)
      |                                                                                                                                                                     [01;36m[K^~~~~~~~~~~[m[K
[01m[K/opt/ros/noetic/include/ros/console.h:390:7:[m[K [01;36m[Knote: [m[Kin expansion of macro ‘[01m[KROSCONSOLE_PRINT_AT_LOCATION[m[K’
  390 |       [01;36m[KROSCONSOLE_PRINT_AT_LOCATION[m[K(__VA_ARGS__); \
      |       [01;36m[K^~~~~~~~~~~~~~~~~~~~~~~~~~~~[m[K
[01m[K/opt/ros/noetic/include/ros/console.h:575:35:[m[K [01;36m[Knote: [m[Kin expansion of macro ‘[01m[KROS_LOG_COND[m[K’
  575 | #define ROS_LOG(level, name, ...) [01;36m[KROS_LOG_COND[m[K(true, level, name, __VA_ARGS__)
      |                                   [01;36m[K^~~~~~~~~~~~[m[K
[01m[K/opt/ros/noetic/include/rosconsole/macros_generated.h:110:23:[m[K [01;36m[Knote: [m[Kin expansion of macro ‘[01m[KROS_LOG[m[K’
  110 | #define ROS_INFO(...) [01;36m[KROS_LOG[m[K(::ros::console::levels::Info, ROSCONSOLE_DEFAULT_NAME, __VA_ARGS__)
      |                       [01;36m[K^~~~~~~[m[K
[01m[K/home/cexxo39/excercise4_ws/src/my_package/src/laserScanner.cpp:8:3:[m[K [01;36m[Knote: [m[Kin expansion of macro ‘[01m[KROS_INFO[m[K’
    8 |   [01;36m[KROS_INFO[m[K("Intensity %d is %f", ls->intensities[i]);
      |   [01;36m[K^~~~~~~~[m[K
[01m[K/home/cexxo39/excercise4_ws/src/my_package/src/laserScanner.cpp:8:30:[m[K [01;36m[Knote: [m[Kformat string is defined here
    8 |   ROS_INFO("Intensity %d is [01;36m[K%f[m[K", ls->intensities[i]);
      |                             [01;36m[K~^[m[K
      |                              [01;36m[K|[m[K
      |                              [01;36m[Kdouble[m[K
