[  0%] Built target actionlib_msgs_generate_messages_lisp
[  0%] Built target actionlib_msgs_generate_messages_cpp
[  0%] Built target actionlib_msgs_generate_messages_nodejs
[  0%] Built target actionlib_msgs_generate_messages_eus
[  0%] Built target actionlib_msgs_generate_messages_py
[  0%] Built target my_package_generate_messages_nodejs
[  0%] Built target my_package_generate_messages_lisp
[  0%] Built target my_package_generate_messages_cpp
[ 33%] Built target my_package_generate_messages_py
[ 33%] Built target my_package_generate_messages_eus
[35m[1mScanning dependencies of target laserScanner[0m
[ 33%] Built target my_package_generate_messages
[ 66%] [32mBuilding CXX object CMakeFiles/laserScanner.dir/src/laserScanner.cpp.o[0m
[01m[K/home/cexxo/excercise4_ws/src/my_package/src/laserScanner.cpp:[m[K In function ‘[01m[Kstd::vector<std::vector<float> > getCenters(std::vector<std::vector<float> >, std::vector<std::vector<float> >)[m[K’:
[01m[K/home/cexxo/excercise4_ws/src/my_package/src/laserScanner.cpp:90:15:[m[K [01;31m[Kerror: [m[Kno match for ‘[01m[Koperator>=[m[K’ (operand types are ‘[01m[K__gnu_cxx::__alloc_traits<std::allocator<std::vector<float> >, std::vector<float> >::value_type[m[K’ {aka ‘[01m[Kstd::vector<float>[m[K’} and ‘[01m[Kint[m[K’)
   90 |   if(labels[i]>=maxLabel)
In file included from [01m[K/usr/include/c++/9/bits/stl_algobase.h:64[m[K,
                 from [01m[K/usr/include/c++/9/bits/char_traits.h:39[m[K,
                 from [01m[K/usr/include/c++/9/string:40[m[K,
                 from [01m[K/opt/ros/noetic/include/ros/platform.h:38[m[K,
                 from [01m[K/opt/ros/noetic/include/ros/time.h:53[m[K,
                 from [01m[K/opt/ros/noetic/include/ros/ros.h:38[m[K,
                 from [01m[K/home/cexxo/excercise4_ws/src/my_package/src/laserScanner.cpp:1[m[K:
[01m[K/usr/include/c++/9/bits/stl_pair.h:479:5:[m[K [01;36m[Knote: [m[Kcandidate: ‘[01m[Ktemplate<class _T1, class _T2> constexpr bool std::operator>=(const std::pair<_T1, _T2>&, const std::pair<_T1, _T2>&)[m[K’
  479 |     [01;36m[Koperator[m[K>=(const pair<_T1, _T2>& __x, const pair<_T1, _T2>& __y)
      |     [01;36m[K^~~~~~~~[m[K
[01m[K/usr/include/c++/9/bits/stl_pair.h:479:5:[m[K [01;36m[Knote: [m[K  template argument deduction/substitution failed:
[01m[K/home/cexxo/excercise4_ws/src/my_package/src/laserScanner.cpp:90:17:[m[K [01;36m[Knote: [m[K  ‘[01m[K__gnu_cxx::__alloc_traits<std::allocator<std::vector<float> >, std::vector<float> >::value_type[m[K’ {aka ‘[01m[Kstd::vector<float>[m[K’} is not derived from ‘[01m[Kconst std::pair<_T1, _T2>[m[K’
   90 |   if(labels[i]>=[01;36m[KmaxLabel[m[K)
      |                 [01;36m[K^~~~~~~~[m[K
In file included from [01m[K/usr/include/c++/9/bits/stl_algobase.h:67[m[K,
                 from [01m[K/usr/include/c++/9/bits/char_traits.h:39[m[K,
                 from [01m[K/usr/include/c++/9/string:40[m[K,
                 from [01m[K/opt/ros/noetic/include/ros/platform.h:38[m[K,
                 from [01m[K/opt/ros/noetic/include/ros/time.h:53[m[K,
                 from [01m[K/opt/ros/noetic/include/ros/ros.h:38[m[K,
                 from [01m[K/home/cexxo/excercise4_ws/src/my_package/src/laserScanner.cpp:1[m[K:
[01m[K/usr/include/c++/9/bits/stl_iterator.h:355:5:[m[K [01;36m[Knote: [m[Kcandidate: ‘[01m[Ktemplate<class _Iterator> bool std::operator>=(const std::reverse_iterator<_Iterator>&, const std::reverse_iterator<_Iterator>&)[m[K’
  355 |     [01;36m[Koperator[m[K>=(const reverse_iterator<_Iterator>& __x,
      |     [01;36m[K^~~~~~~~[m[K
[01m[K/usr/include/c++/9/bits/stl_iterator.h:355:5:[m[K [01;36m[Knote: [m[K  template argument deduction/substitution failed:
[01m[K/home/cexxo/excercise4_ws/src/my_package/src/laserScanner.cpp:90:17:[m[K [01;36m[Knote: [m[K  ‘[01m[K__gnu_cxx::__alloc_traits<std::allocator<std::vector<float> >, std::vector<float> >::value_type[m[K’ {aka ‘[01m[Kstd::vector<float>[m[K’} is not derived from ‘[01m[Kconst std::reverse_iterator<_Iterator>[m[K’
   90 |   if(labels[i]>=[01;36m[KmaxLabel[m[K)
      |                 [01;36m[K^~~~~~~~[m[K
In file included from [01m[K/usr/include/c++/9/bits/stl_algobase.h:67[m[K,
                 from [01m[K/usr/include/c++/9/bits/char_traits.h:39[m[K,
                 from [01m[K/usr/include/c++/9/string:40[m[K,
                 from [01m[K/opt/ros/noetic/include/ros/platform.h:38[m[K,
                 from [01m[K/opt/ros/noetic/include/ros/time.h:53[m[K,
                 from [01m[K/opt/ros/noetic/include/ros/ros.h:38[m[K,
                 from [01m[K/home/cexxo/excercise4_ws/src/my_package/src/laserScanner.cpp:1[m[K:
[01m[K/usr/include/c++/9/bits/stl_iterator.h:393:5:[m[K [01;36m[Knote: [m[Kcandidate: ‘[01m[Ktemplate<class _IteratorL, class _IteratorR> bool std::operator>=(const std::reverse_iterator<_Iterator>&, const std::reverse_iterator<_IteratorR>&)[m[K’
  393 |     [01;36m[Koperator[m[K>=(const reverse_iterator<_IteratorL>& __x,
      |     [01;36m[K^~~~~~~~[m[K
[01m[K/usr/include/c++/9/bits/stl_iterator.h:393:5:[m[K [01;36m[Knote: [m[K  template argument deduction/substitution failed:
[01m[K/home/cexxo/excercise4_ws/src/my_package/src/laserScanner.cpp:90:17:[m[K [01;36m[Knote: [m[K  ‘[01m[K__gnu_cxx::__alloc_traits<std::allocator<std::vector<float> >, std::vector<float> >::value_type[m[K’ {aka ‘[01m[Kstd::vector<float>[m[K’} is not derived from ‘[01m[Kconst std::reverse_iterator<_Iterator>[m[K’
   90 |   if(labels[i]>=[01;36m[KmaxLabel[m[K)
      |                 [01;36m[K^~~~~~~~[m[K
In file included from [01m[K/usr/include/c++/9/bits/stl_algobase.h:67[m[K,
                 from [01m[K/usr/include/c++/9/bits/char_traits.h:39[m[K,
                 from [01m[K/usr/include/c++/9/string:40[m[K,
                 from [01m[K/opt/ros/noetic/include/ros/platform.h:38[m[K,
                 from [01m[K/opt/ros/noetic/include/ros/time.h:53[m[K,
                 from [01m[K/opt/ros/noetic/include/ros/ros.h:38[m[K,
                 from [01m[K/home/cexxo/excercise4_ws/src/my_package/src/laserScanner.cpp:1[m[K:
[01m[K/usr/include/c++/9/bits/stl_iterator.h:1196:5:[m[K [01;36m[Knote: [m[Kcandidate: ‘[01m[Ktemplate<class _IteratorL, class _IteratorR> bool std::operator>=(const std::move_iterator<_IteratorL>&, const std::move_iterator<_IteratorR>&)[m[K’
 1196 |     [01;36m[Koperator[m[K>=(const move_iterator<_IteratorL>& __x,
      |     [01;36m[K^~~~~~~~[m[K
[01m[K/usr/include/c++/9/bits/stl_iterator.h:1196:5:[m[K [01;36m[Knote: [m[K  template argument deduction/substitution failed:
[01m[K/home/cexxo/excercise4_ws/src/my_package/src/laserScanner.cpp:90:17:[m[K [01;36m[Knote: [m[K  ‘[01m[K__gnu_cxx::__alloc_traits<std::allocator<std::vector<float> >, std::vector<float> >::value_type[m[K’ {aka ‘[01m[Kstd::vector<float>[m[K’} is not derived from ‘[01m[Kconst std::move_iterator<_IteratorL>[m[K’
   90 |   if(labels[i]>=[01;36m[KmaxLabel[m[K)
      |                 [01;36m[K^~~~~~~~[m[K
In file included from [01m[K/usr/include/c++/9/bits/stl_algobase.h:67[m[K,
                 from [01m[K/usr/include/c++/9/bits/char_traits.h:39[m[K,
                 from [01m[K/usr/include/c++/9/string:40[m[K,
                 from [01m[K/opt/ros/noetic/include/ros/platform.h:38[m[K,
                 from [01m[K/opt/ros/noetic/include/ros/time.h:53[m[K,
                 from [01m[K/opt/ros/noetic/include/ros/ros.h:38[m[K,
                 from [01m[K/home/cexxo/excercise4_ws/src/my_package/src/laserScanner.cpp:1[m[K:
[01m[K/usr/include/c++/9/bits/stl_iterator.h:1202:5:[m[K [01;36m[Knote: [m[Kcandidate: ‘[01m[Ktemplate<class _Iterator> bool std::operator>=(const std::move_iterator<_IteratorL>&, const std::move_iterator<_IteratorL>&)[m[K’
 1202 |     [01;36m[Koperator[m[K>=(const move_iterator<_Iterator>& __x,
      |     [01;36m[K^~~~~~~~[m[K
[01m[K/usr/include/c++/9/bits/stl_iterator.h:1202:5:[m[K [01;36m[Knote: [m[K  template argument deduction/substitution failed:
[01m[K/home/cexxo/excercise4_ws/src/my_package/src/laserScanner.cpp:90:17:[m[K [01;36m[Knote: [m[K  ‘[01m[K__gnu_cxx::__alloc_traits<std::allocator<std::vector<float> >, std::vector<float> >::value_type[m[K’ {aka ‘[01m[Kstd::vector<float>[m[K’} is not derived from ‘[01m[Kconst std::move_iterator<_IteratorL>[m[K’
   90 |   if(labels[i]>=[01;36m[KmaxLabel[m[K)
      |                 [01;36m[K^~~~~~~~[m[K
In file included from [01m[K/usr/include/c++/9/string:55[m[K,
                 from [01m[K/opt/ros/noetic/include/ros/platform.h:38[m[K,
                 from [01m[K/opt/ros/noetic/include/ros/time.h:53[m[K,
                 from [01m[K/opt/ros/noetic/include/ros/ros.h:38[m[K,
                 from [01m[K/home/cexxo/excercise4_ws/src/my_package/src/laserScanner.cpp:1[m[K:
[01m[K/usr/include/c++/9/bits/basic_string.h:6343:5:[m[K [01;36m[Knote: [m[Kcandidate: ‘[01m[Ktemplate<class _CharT, class _Traits, class _Alloc> bool std::operator>=(const std::__cxx11::basic_string<_CharT, _Traits, _Alloc>&, const std::__cxx11::basic_string<_CharT, _Traits, _Alloc>&)[m[K’
 6343 |     [01;36m[Koperator[m[K>=(const basic_string<_CharT, _Traits, _Alloc>& __lhs,
      |     [01;36m[K^~~~~~~~[m[K
[01m[K/usr/include/c++/9/bits/basic_string.h:6343:5:[m[K [01;36m[Knote: [m[K  template argument deduction/substitution failed:
[01m[K/home/cexxo/excercise4_ws/src/my_package/src/laserScanner.cpp:90:17:[m[K [01;36m[Knote: [m[K  ‘[01m[K__gnu_cxx::__alloc_traits<std::allocator<std::vector<float> >, std::vector<float> >::value_type[m[K’ {aka ‘[01m[Kstd::vector<float>[m[K’} is not derived from ‘[01m[Kconst std::__cxx11::basic_string<_CharT, _Traits, _Alloc>[m[K’
   90 |   if(labels[i]>=[01;36m[KmaxLabel[m[K)
      |                 [01;36m[K^~~~~~~~[m[K
In file included from [01m[K/usr/include/c++/9/string:55[m[K,
                 from [01m[K/opt/ros/noetic/include/ros/platform.h:38[m[K,
                 from [01m[K/opt/ros/noetic/include/ros/time.h:53[m[K,
                 from [01m[K/opt/ros/noetic/include/ros/ros.h:38[m[K,
                 from [01m[K/home/cexxo/excercise4_ws/src/my_package/src/laserScanner.cpp:1[m[K:
[01m[K/usr/include/c++/9/bits/basic_string.h:6356:5:[m[K [01;36m[Knote: [m[Kcandidate: ‘[01m[Ktemplate<class _CharT, class _Traits, class _Alloc> bool std::operator>=(const std::__cxx11::basic_string<_CharT, _Traits, _Alloc>&, const _CharT*)[m[K’
 6356 |     [01;36m[Koperator[m[K>=(const basic_string<_CharT, _Traits, _Alloc>& __lhs,
      |     [01;36m[K^~~~~~~~[m[K
[01m[K/usr/include/c++/9/bits/basic_string.h:6356:5:[m[K [01;36m[Knote: [m[K  template argument deduction/substitution failed:
[01m[K/home/cexxo/excercise4_ws/src/my_package/src/laserScanner.cpp:90:17:[m[K [01;36m[Knote: [m[K  ‘[01m[K__gnu_cxx::__alloc_traits<std::allocator<std::vector<float> >, std::vector<float> >::value_type[m[K’ {aka ‘[01m[Kstd::vector<float>[m[K’} is not derived from ‘[01m[Kconst std::__cxx11::basic_string<_CharT, _Traits, _Alloc>[m[K’
   90 |   if(labels[i]>=[01;36m[KmaxLabel[m[K)
      |                 [01;36m[K^~~~~~~~[m[K
In file included from [01m[K/usr/include/c++/9/string:55[m[K,
                 from [01m[K/opt/ros/noetic/include/ros/platform.h:38[m[K,
                 from [01m[K/opt/ros/noetic/include/ros/time.h:53[m[K,
                 from [01m[K/opt/ros/noetic/include/ros/ros.h:38[m[K,
                 from [01m[K/home/cexxo/excercise4_ws/src/my_package/src/laserScanner.cpp:1[m[K:
[01m[K/usr/include/c++/9/bits/basic_string.h:6368:5:[m[K [01;36m[Knote: [m[Kcandidate: ‘[01m[Ktemplate<class _CharT, class _Traits, class _Alloc> bool std::operator>=(const _CharT*, const std::__cxx11::basic_string<_CharT, _Traits, _Alloc>&)[m[K’
 6368 |     [01;36m[Koperator[m[K>=(const _CharT* __lhs,
      |     [01;36m[K^~~~~~~~[m[K
[01m[K/usr/include/c++/9/bits/basic_string.h:6368:5:[m[K [01;36m[Knote: [m[K  template argument deduction/substitution failed:
[01m[K/home/cexxo/excercise4_ws/src/my_package/src/laserScanner.cpp:90:17:[m[K [01;36m[Knote: [m[K  mismatched types ‘[01m[Kconst _CharT*[m[K’ and ‘[01m[Kstd::vector<float>[m[K’
   90 |   if(labels[i]>=[01;36m[KmaxLabel[m[K)
      |                 [01;36m[K^~~~~~~~[m[K
In file included from [01m[K/usr/include/c++/9/tuple:39[m[K,
                 from [01m[K/usr/include/c++/9/bits/unique_ptr.h:37[m[K,
                 from [01m[K/usr/include/c++/9/bits/locale_conv.h:41[m[K,
                 from [01m[K/usr/include/c++/9/locale:43[m[K,
                 from [01m[K/usr/include/c++/9/iomanip:43[m[K,
                 from [01m[K/usr/include/boost/math/policies/error_handling.hpp:12[m[K,
                 from [01m[K/usr/include/boost/math/special_functions/round.hpp:14[m[K,
                 from [01m[K/opt/ros/noetic/include/ros/time.h:58[m[K,
                 from [01m[K/opt/ros/noetic/include/ros/ros.h:38[m[K,
                 from [01m[K/home/cexxo/excercise4_ws/src/my_package/src/laserScanner.cpp:1[m[K:
[01m[K/usr/include/c++/9/array:280:5:[m[K [01;36m[Knote: [m[Kcandidate: ‘[01m[Ktemplate<class _Tp, long unsigned int _Nm> bool std::operator>=(const std::array<_Tp, _Nm>&, const std::array<_Tp, _Nm>&)[m[K’
  280 |     [01;36m[Koperator[m[K>=(const array<_Tp, _Nm>& __one, const array<_Tp, _Nm>& __two)
      |     [01;36m[K^~~~~~~~[m[K
[01m[K/usr/include/c++/9/array:280:5:[m[K [01;36m[Knote: [m[K  template argument deduction/substitution failed:
[01m[K/home/cexxo/excercise4_ws/src/my_package/src/laserScanner.cpp:90:17:[m[K [01;36m[Knote: [m[K  ‘[01m[K__gnu_cxx::__alloc_traits<std::allocator<std::vector<float> >, std::vector<float> >::value_type[m[K’ {aka ‘[01m[Kstd::vector<float>[m[K’} is not derived from ‘[01m[Kconst std::array<_Tp, _Nm>[m[K’
   90 |   if(labels[i]>=[01;36m[KmaxLabel[m[K)
      |                 [01;36m[K^~~~~~~~[m[K
In file included from [01m[K/usr/include/c++/9/bits/unique_ptr.h:37[m[K,
                 from [01m[K/usr/include/c++/9/bits/locale_conv.h:41[m[K,
                 from [01m[K/usr/include/c++/9/locale:43[m[K,
                 from [01m[K/usr/include/c++/9/iomanip:43[m[K,
                 from [01m[K/usr/include/boost/math/policies/error_handling.hpp:12[m[K,
                 from [01m[K/usr/include/boost/math/special_functions/round.hpp:14[m[K,
                 from [01m[K/opt/ros/noetic/include/ros/time.h:58[m[K,
                 from [01m[K/opt/ros/noetic/include/ros/ros.h:38[m[K,
                 from [01m[K/home/cexxo/excercise4_ws/src/my_package/src/laserScanner.cpp:1[m[K:
[01m[K/usr/include/c++/9/tuple:1463:5:[m[K [01;36m[Knote: [m[Kcandidate: ‘[01m[Ktemplate<class ... _TElements, class ... _UElements> constexpr bool std::operator>=(const std::tuple<_Tps ...>&, const std::tuple<_Elements ...>&)[m[K’
 1463 |     [01;36m[Koperator[m[K>=(const tuple<_TElements...>& __t,
      |     [01;36m[K^~~~~~~~[m[K
[01m[K/usr/include/c++/9/tuple:1463:5:[m[K [01;36m[Knote: [m[K  template argument deduction/substitution failed:
[01m[K/home/cexxo/excercise4_ws/src/my_package/src/laserScanner.cpp:90:17:[m[K [01;36m[Knote: [m[K  ‘[01m[K__gnu_cxx::__alloc_traits<std::allocator<std::vector<float> >, std::vector<float> >::value_type[m[K’ {aka ‘[01m[Kstd::vector<float>[m[K’} is not derived from ‘[01m[Kconst std::tuple<_Tps ...>[m[K’
   90 |   if(labels[i]>=[01;36m[KmaxLabel[m[K)
      |                 [01;36m[K^~~~~~~~[m[K
In file included from [01m[K/usr/include/c++/9/bits/locale_conv.h:41[m[K,
                 from [01m[K/usr/include/c++/9/locale:43[m[K,
                 from [01m[K/usr/include/c++/9/iomanip:43[m[K,
                 from [01m[K/usr/include/boost/math/policies/error_handling.hpp:12[m[K,
                 from [01m[K/usr/include/boost/math/special_functions/round.hpp:14[m[K,
                 from [01m[K/opt/ros/noetic/include/ros/time.h:58[m[K,
                 from [01m[K/opt/ros/noetic/include/ros/ros.h:38[m[K,
                 from [01m[K/home/cexxo/excercise4_ws/src/my_package/src/laserScanner.cpp:1[m[K:
[01m[K/usr/include/c++/9/bits/unique_ptr.h:809:5:[m[K [01;36m[Knote: [m[Kcandidate: ‘[01m[Ktemplate<class _Tp, class _Dp, class _Up, class _Ep> bool std::operator>=(const std::unique_ptr<_Tp, _Dp>&, const std::unique_ptr<_Up, _Ep>&)[m[K’
  809 |     [01;36m[Koperator[m[K>=(const unique_ptr<_Tp, _Dp>& __x,
      |     [01;36m[K^~~~~~~~[m[K
[01m[K/usr/include/c++/9/bits/unique_ptr.h:809:5:[m[K [01;36m[Knote: [m[K  template argument deduction/substitution failed:
[01m[K/home/cexxo/excercise4_ws/src/my_package/src/laserScanner.cpp:90:17:[m[K [01;36m[Knote: [m[K  ‘[01m[K__gnu_cxx::__alloc_traits<std::allocator<std::vector<float> >, std::vector<float> >::value_type[m[K’ {aka ‘[01m[Kstd::vector<float>[m[K’} is not derived from ‘[01m[Kconst std::unique_ptr<_Tp, _Dp>[m[K’
   90 |   if(labels[i]>=[01;36m[KmaxLabel[m[K)
      |                 [01;36m[K^~~~~~~~[m[K
In file included from [01m[K/usr/include/c++/9/bits/locale_conv.h:41[m[K,
                 from [01m[K/usr/include/c++/9/locale:43[m[K,
                 from [01m[K/usr/include/c++/9/iomanip:43[m[K,
                 from [01m[K/usr/include/boost/math/policies/error_handling.hpp:12[m[K,
                 from [01m[K/usr/include/boost/math/special_functions/round.hpp:14[m[K,
                 from [01m[K/opt/ros/noetic/include/ros/time.h:58[m[K,
                 from [01m[K/opt/ros/noetic/include/ros/ros.h:38[m[K,
                 from [01m[K/home/cexxo/excercise4_ws/src/my_package/src/laserScanner.cpp:1[m[K:
[01m[K/usr/include/c++/9/bits/unique_ptr.h:815:5:[m[K [01;36m[Knote: [m[Kcandidate: ‘[01m[Ktemplate<class _Tp, class _Dp> bool std::operator>=(const std::unique_ptr<_Tp, _Dp>&, std::nullptr_t)[m[K’
  815 |     [01;36m[Koperator[m[K>=(const unique_ptr<_Tp, _Dp>& __x, nullptr_t)
      |     [01;36m[K^~~~~~~~[m[K
[01m[K/usr/include/c++/9/bits/unique_ptr.h:815:5:[m[K [01;36m[Knote: [m[K  template argument deduction/substitution failed:
[01m[K/home/cexxo/excercise4_ws/src/my_package/src/laserScanner.cpp:90:17:[m[K [01;36m[Knote: [m[K  ‘[01m[K__gnu_cxx::__alloc_traits<std::allocator<std::vector<float> >, std::vector<float> >::value_type[m[K’ {aka ‘[01m[Kstd::vector<float>[m[K’} is not derived from ‘[01m[Kconst std::unique_ptr<_Tp, _Dp>[m[K’
   90 |   if(labels[i]>=[01;36m[KmaxLabel[m[K)
      |                 [01;36m[K^~~~~~~~[m[K
In file included from [01m[K/usr/include/c++/9/bits/locale_conv.h:41[m[K,
                 from [01m[K/usr/include/c++/9/locale:43[m[K,
                 from [01m[K/usr/include/c++/9/iomanip:43[m[K,
                 from [01m[K/usr/include/boost/math/policies/error_handling.hpp:12[m[K,
                 from [01m[K/usr/include/boost/math/special_functions/round.hpp:14[m[K,
                 from [01m[K/opt/ros/noetic/include/ros/time.h:58[m[K,
                 from [01m[K/opt/ros/noetic/include/ros/ros.h:38[m[K,
                 from [01m[K/home/cexxo/excercise4_ws/src/my_package/src/laserScanner.cpp:1[m[K:
[01m[K/usr/include/c++/9/bits/unique_ptr.h:820:5:[m[K [01;36m[Knote: [m[Kcandidate: ‘[01m[Ktemplate<class _Tp, class _Dp> bool std::operator>=(std::nullptr_t, const std::unique_ptr<_Tp, _Dp>&)[m[K’
  820 |     [01;36m[Koperator[m[K>=(nullptr_t, const unique_ptr<_Tp, _Dp>& __x)
      |     [01;36m[K^~~~~~~~[m[K
[01m[K/usr/include/c++/9/bits/unique_ptr.h:820:5:[m[K [01;36m[Knote: [m[K  template argument deduction/substitution failed:
[01m[K/home/cexxo/excercise4_ws/src/my_package/src/laserScanner.cpp:90:17:[m[K [01;36m[Knote: [m[K  mismatched types ‘[01m[Kconst std::unique_ptr<_Tp, _Dp>[m[K’ and ‘[01m[Kint[m[K’
   90 |   if(labels[i]>=[01;36m[KmaxLabel[m[K)
      |                 [01;36m[K^~~~~~~~[m[K
In file included from [01m[K/usr/include/c++/9/vector:67[m[K,
                 from [01m[K/usr/include/boost/math/special_functions/math_fwd.hpp:26[m[K,
                 from [01m[K/usr/include/boost/math/special_functions/round.hpp:15[m[K,
                 from [01m[K/opt/ros/noetic/include/ros/time.h:58[m[K,
                 from [01m[K/opt/ros/noetic/include/ros/ros.h:38[m[K,
                 from [01m[K/home/cexxo/excercise4_ws/src/my_package/src/laserScanner.cpp:1[m[K:
[01m[K/usr/include/c++/9/bits/stl_vector.h:1930:5:[m[K [01;36m[Knote: [m[Kcandidate: ‘[01m[Ktemplate<class _Tp, class _Alloc> bool std::operator>=(const std::vector<_Tp, _Alloc>&, const std::vector<_Tp, _Alloc>&)[m[K’
 1930 |     [01;36m[Koperator[m[K>=(const vector<_Tp, _Alloc>& __x, const vector<_Tp, _Alloc>& __y)
      |     [01;36m[K^~~~~~~~[m[K
[01m[K/usr/include/c++/9/bits/stl_vector.h:1930:5:[m[K [01;36m[Knote: [m[K  template argument deduction/substitution failed:
[01m[K/home/cexxo/excercise4_ws/src/my_package/src/laserScanner.cpp:90:17:[m[K [01;36m[Knote: [m[K  mismatched types ‘[01m[Kconst std::vector<_Tp, _Alloc>[m[K’ and ‘[01m[Kint[m[K’
   90 |   if(labels[i]>=[01;36m[KmaxLabel[m[K)
      |                 [01;36m[K^~~~~~~~[m[K
In file included from [01m[K/usr/include/c++/9/map:61[m[K,
                 from [01m[K/opt/ros/noetic/include/ros/console.h:42[m[K,
                 from [01m[K/opt/ros/noetic/include/ros/ros.h:40[m[K,
                 from [01m[K/home/cexxo/excercise4_ws/src/my_package/src/laserScanner.cpp:1[m[K:
[01m[K/usr/include/c++/9/bits/stl_map.h:1500:5:[m[K [01;36m[Knote: [m[Kcandidate: ‘[01m[Ktemplate<class _Key, class _Tp, class _Compare, class _Alloc> bool std::operator>=(const std::map<_Key, _Tp, _Compare, _Alloc>&, const std::map<_Key, _Tp, _Compare, _Alloc>&)[m[K’
 1500 |     [01;36m[Koperator[m[K>=(const map<_Key, _Tp, _Compare, _Alloc>& __x,
      |     [01;36m[K^~~~~~~~[m[K
[01m[K/usr/include/c++/9/bits/stl_map.h:1500:5:[m[K [01;36m[Knote: [m[K  template argument deduction/substitution failed:
[01m[K/home/cexxo/excercise4_ws/src/my_package/src/laserScanner.cpp:90:17:[m[K [01;36m[Knote: [m[K  ‘[01m[K__gnu_cxx::__alloc_traits<std::allocator<std::vector<float> >, std::vector<float> >::value_type[m[K’ {aka ‘[01m[Kstd::vector<float>[m[K’} is not derived from ‘[01m[Kconst std::map<_Key, _Tp, _Compare, _Alloc>[m[K’
   90 |   if(labels[i]>=[01;36m[KmaxLabel[m[K)
      |                 [01;36m[K^~~~~~~~[m[K
In file included from [01m[K/usr/include/c++/9/map:62[m[K,
                 from [01m[K/opt/ros/noetic/include/ros/console.h:42[m[K,
                 from [01m[K/opt/ros/noetic/include/ros/ros.h:40[m[K,
                 from [01m[K/home/cexxo/excercise4_ws/src/my_package/src/laserScanner.cpp:1[m[K:
[01m[K/usr/include/c++/9/bits/stl_multimap.h:1164:5:[m[K [01;36m[Knote: [m[Kcandidate: ‘[01m[Ktemplate<class _Key, class _Tp, class _Compare, class _Alloc> bool std::operator>=(const std::multimap<_Key, _Tp, _Compare, _Alloc>&, const std::multimap<_Key, _Tp, _Compare, _Alloc>&)[m[K’
 1164 |     [01;36m[Koperator[m[K>=(const multimap<_Key, _Tp, _Compare, _Alloc>& __x,
      |     [01;36m[K^~~~~~~~[m[K
[01m[K/usr/include/c++/9/bits/stl_multimap.h:1164:5:[m[K [01;36m[Knote: [m[K  template argument deduction/substitution failed:
[01m[K/home/cexxo/excercise4_ws/src/my_package/src/laserScanner.cpp:90:17:[m[K [01;36m[Knote: [m[K  ‘[01m[K__gnu_cxx::__alloc_traits<std::allocator<std::vector<float> >, std::vector<float> >::value_type[m[K’ {aka ‘[01m[Kstd::vector<float>[m[K’} is not derived from ‘[01m[Kconst std::multimap<_Key, _Tp, _Compare, _Alloc>[m[K’
   90 |   if(labels[i]>=[01;36m[KmaxLabel[m[K)
      |                 [01;36m[K^~~~~~~~[m[K
In file included from [01m[K/usr/include/c++/9/set:61[m[K,
                 from [01m[K/opt/ros/noetic/include/ros/forwards.h:34[m[K,
                 from [01m[K/opt/ros/noetic/include/ros/common.h:37[m[K,
                 from [01m[K/opt/ros/noetic/include/ros/ros.h:43[m[K,
                 from [01m[K/home/cexxo/excercise4_ws/src/my_package/src/laserScanner.cpp:1[m[K:
[01m[K/usr/include/c++/9/bits/stl_set.h:1024:5:[m[K [01;36m[Knote: [m[Kcandidate: ‘[01m[Ktemplate<class _Key, class _Compare, class _Alloc> bool std::operator>=(const std::set<_Key, _Compare, _Alloc>&, const std::set<_Key, _Compare, _Alloc>&)[m[K’
 1024 |     [01;36m[Koperator[m[K>=(const set<_Key, _Compare, _Alloc>& __x,
      |     [01;36m[K^~~~~~~~[m[K
[01m[K/usr/include/c++/9/bits/stl_set.h:1024:5:[m[K [01;36m[Knote: [m[K  template argument deduction/substitution failed:
[01m[K/home/cexxo/excercise4_ws/src/my_package/src/laserScanner.cpp:90:17:[m[K [01;36m[Knote: [m[K  ‘[01m[K__gnu_cxx::__alloc_traits<std::allocator<std::vector<float> >, std::vector<float> >::value_type[m[K’ {aka ‘[01m[Kstd::vector<float>[m[K’} is not derived from ‘[01m[Kconst std::set<_Key, _Compare, _Alloc>[m[K’
   90 |   if(labels[i]>=[01;36m[KmaxLabel[m[K)
      |                 [01;36m[K^~~~~~~~[m[K
In file included from [01m[K/usr/include/c++/9/set:62[m[K,
                 from [01m[K/opt/ros/noetic/include/ros/forwards.h:34[m[K,
                 from [01m[K/opt/ros/noetic/include/ros/common.h:37[m[K,
                 from [01m[K/opt/ros/noetic/include/ros/ros.h:43[m[K,
                 from [01m[K/home/cexxo/excercise4_ws/src/my_package/src/laserScanner.cpp:1[m[K:
[01m[K/usr/include/c++/9/bits/stl_multiset.h:1009:5:[m[K [01;36m[Knote: [m[Kcandidate: ‘[01m[Ktemplate<class _Key, class _Compare, class _Alloc> bool std::operator>=(const std::multiset<_Key, _Compare, _Alloc>&, const std::multiset<_Key, _Compare, _Alloc>&)[m[K’
 1009 |     [01;36m[Koperator[m[K>=(const multiset<_Key, _Compare, _Alloc>& __x,
      |     [01;36m[K^~~~~~~~[m[K
[01m[K/usr/include/c++/9/bits/stl_multiset.h:1009:5:[m[K [01;36m[Knote: [m[K  template argument deduction/substitution failed:
[01m[K/home/cexxo/excercise4_ws/src/my_package/src/laserScanner.cpp:90:17:[m[K [01;36m[Knote: [m[K  ‘[01m[K__gnu_cxx::__alloc_traits<std::allocator<std::vector<float> >, std::vector<float> >::value_type[m[K’ {aka ‘[01m[Kstd::vector<float>[m[K’} is not derived from ‘[01m[Kconst std::multiset<_Key, _Compare, _Alloc>[m[K’
   90 |   if(labels[i]>=[01;36m[KmaxLabel[m[K)
      |                 [01;36m[K^~~~~~~~[m[K
In file included from [01m[K/usr/include/c++/9/list:63[m[K,
                 from [01m[K/opt/ros/noetic/include/ros/forwards.h:35[m[K,
                 from [01m[K/opt/ros/noetic/include/ros/common.h:37[m[K,
                 from [01m[K/opt/ros/noetic/include/ros/ros.h:43[m[K,
                 from [01m[K/home/cexxo/excercise4_ws/src/my_package/src/laserScanner.cpp:1[m[K:
[01m[K/usr/include/c++/9/bits/stl_list.h:2050:5:[m[K [01;36m[Knote: [m[Kcandidate: ‘[01m[Ktemplate<class _Tp, class _Alloc> bool std::operator>=(const std::__cxx11::list<_Tp, _Alloc>&, const std::__cxx11::list<_Tp, _Alloc>&)[m[K’
 2050 |     [01;36m[Koperator[m[K>=(const list<_Tp, _Alloc>& __x, const list<_Tp, _Alloc>& __y)
      |     [01;36m[K^~~~~~~~[m[K
[01m[K/usr/include/c++/9/bits/stl_list.h:2050:5:[m[K [01;36m[Knote: [m[K  template argument deduction/substitution failed:
[01m[K/home/cexxo/excercise4_ws/src/my_package/src/laserScanner.cpp:90:17:[m[K [01;36m[Knote: [m[K  ‘[01m[K__gnu_cxx::__alloc_traits<std::allocator<std::vector<float> >, std::vector<float> >::value_type[m[K’ {aka ‘[01m[Kstd::vector<float>[m[K’} is not derived from ‘[01m[Kconst std::__cxx11::list<_Tp, _Alloc>[m[K’
   90 |   if(labels[i]>=[01;36m[KmaxLabel[m[K)
      |                 [01;36m[K^~~~~~~~[m[K
In file included from [01m[K/usr/include/c++/9/bits/shared_ptr.h:52[m[K,
                 from [01m[K/usr/include/c++/9/memory:81[m[K,
                 from [01m[K/usr/include/boost/config/no_tr1/memory.hpp:21[m[K,
                 from [01m[K/usr/include/boost/smart_ptr/shared_ptr.hpp:23[m[K,
                 from [01m[K/usr/include/boost/shared_ptr.hpp:17[m[K,
                 from [01m[K/opt/ros/noetic/include/ros/forwards.h:37[m[K,
                 from [01m[K/opt/ros/noetic/include/ros/common.h:37[m[K,
                 from [01m[K/opt/ros/noetic/include/ros/ros.h:43[m[K,
                 from [01m[K/home/cexxo/excercise4_ws/src/my_package/src/laserScanner.cpp:1[m[K:
[01m[K/usr/include/c++/9/bits/shared_ptr_base.h:1503:5:[m[K [01;36m[Knote: [m[Kcandidate: ‘[01m[Ktemplate<class _Tp1, class _Tp2, __gnu_cxx::_Lock_policy _Lp> bool std::operator>=(const std::__shared_ptr<_Tp1, _Lp>&, const std::__shared_ptr<_Tp2, _Lp>&)[m[K’
 1503 |     [01;36m[Koperator[m[K>=(const __shared_ptr<_Tp1, _Lp>& __a,
      |     [01;36m[K^~~~~~~~[m[K
[01m[K/usr/include/c++/9/bits/shared_ptr_base.h:1503:5:[m[K [01;36m[Knote: [m[K  template argument deduction/substitution failed:
[01m[K/home/cexxo/excercise4_ws/src/my_package/src/laserScanner.cpp:90:17:[m[K [01;36m[Knote: [m[K  ‘[01m[K__gnu_cxx::__alloc_traits<std::allocator<std::vector<float> >, std::vector<float> >::value_type[m[K’ {aka ‘[01m[Kstd::vector<float>[m[K’} is not derived from ‘[01m[Kconst std::__shared_ptr<_Tp1, _Lp>[m[K’
   90 |   if(labels[i]>=[01;36m[KmaxLabel[m[K)
      |                 [01;36m[K^~~~~~~~[m[K
In file included from [01m[K/usr/include/c++/9/bits/shared_ptr.h:52[m[K,
                 from [01m[K/usr/include/c++/9/memory:81[m[K,
                 from [01m[K/usr/include/boost/config/no_tr1/memory.hpp:21[m[K,
                 from [01m[K/usr/include/boost/smart_ptr/shared_ptr.hpp:23[m[K,
                 from [01m[K/usr/include/boost/shared_ptr.hpp:17[m[K,
                 from [01m[K/opt/ros/noetic/include/ros/forwards.h:37[m[K,
                 from [01m[K/opt/ros/noetic/include/ros/common.h:37[m[K,
                 from [01m[K/opt/ros/noetic/include/ros/ros.h:43[m[K,
                 from [01m[K/home/cexxo/excercise4_ws/src/my_package/src/laserScanner.cpp:1[m[K:
[01m[K/usr/include/c++/9/bits/shared_ptr_base.h:1509:5:[m[K [01;36m[Knote: [m[Kcandidate: ‘[01m[Ktemplate<class _Tp, __gnu_cxx::_Lock_policy _Lp> bool std::operator>=(const std::__shared_ptr<_Tp, _Lp>&, std::nullptr_t)[m[K’
 1509 |     [01;36m[Koperator[m[K>=(const __shared_ptr<_Tp, _Lp>& __a, nullptr_t) noexcept
      |     [01;36m[K^~~~~~~~[m[K
[01m[K/usr/include/c++/9/bits/shared_ptr_base.h:1509:5:[m[K [01;36m[Knote: [m[K  template argument deduction/substitution failed:
[01m[K/home/cexxo/excercise4_ws/src/my_package/src/laserScanner.cpp:90:17:[m[K [01;36m[Knote: [m[K  ‘[01m[K__gnu_cxx::__alloc_traits<std::allocator<std::vector<float> >, std::vector<float> >::value_type[m[K’ {aka ‘[01m[Kstd::vector<float>[m[K’} is not derived from ‘[01m[Kconst std::__shared_ptr<_Tp, _Lp>[m[K’
   90 |   if(labels[i]>=[01;36m[KmaxLabel[m[K)
      |                 [01;36m[K^~~~~~~~[m[K
In file included from [01m[K/usr/include/c++/9/bits/shared_ptr.h:52[m[K,
                 from [01m[K/usr/include/c++/9/memory:81[m[K,
                 from [01m[K/usr/include/boost/config/no_tr1/memory.hpp:21[m[K,
                 from [01m[K/usr/include/boost/smart_ptr/shared_ptr.hpp:23[m[K,
                 from [01m[K/usr/include/boost/shared_ptr.hpp:17[m[K,
                 from [01m[K/opt/ros/noetic/include/ros/forwards.h:37[m[K,
                 from [01m[K/opt/ros/noetic/include/ros/common.h:37[m[K,
                 from [01m[K/opt/ros/noetic/include/ros/ros.h:43[m[K,
                 from [01m[K/home/cexxo/excercise4_ws/src/my_package/src/laserScanner.cpp:1[m[K:
[01m[K/usr/include/c++/9/bits/shared_ptr_base.h:1514:5:[m[K [01;36m[Knote: [m[Kcandidate: ‘[01m[Ktemplate<class _Tp, __gnu_cxx::_Lock_policy _Lp> bool std::operator>=(std::nullptr_t, const std::__shared_ptr<_Tp, _Lp>&)[m[K’
 1514 |     [01;36m[Koperator[m[K>=(nullptr_t, const __shared_ptr<_Tp, _Lp>& __a) noexcept
      |     [01;36m[K^~~~~~~~[m[K
[01m[K/usr/include/c++/9/bits/shared_ptr_base.h:1514:5:[m[K [01;36m[Knote: [m[K  template argument deduction/substitution failed:
[01m[K/home/cexxo/excercise4_ws/src/my_package/src/laserScanner.cpp:90:17:[m[K [01;36m[Knote: [m[K  mismatched types ‘[01m[Kconst std::__shared_ptr<_Tp, _Lp>[m[K’ and ‘[01m[Kint[m[K’
   90 |   if(labels[i]>=[01;36m[KmaxLabel[m[K)
      |                 [01;36m[K^~~~~~~~[m[K
In file included from [01m[K/usr/include/c++/9/memory:81[m[K,
                 from [01m[K/usr/include/boost/config/no_tr1/memory.hpp:21[m[K,
                 from [01m[K/usr/include/boost/smart_ptr/shared_ptr.hpp:23[m[K,
                 from [01m[K/usr/include/boost/shared_ptr.hpp:17[m[K,
                 from [01m[K/opt/ros/noetic/include/ros/forwards.h:37[m[K,
                 from [01m[K/opt/ros/noetic/include/ros/common.h:37[m[K,
                 from [01m[K/opt/ros/noetic/include/ros/ros.h:43[m[K,
                 from [01m[K/home/cexxo/excercise4_ws/src/my_package/src/laserScanner.cpp:1[m[K:
[01m[K/usr/include/c++/9/bits/shared_ptr.h:469:5:[m[K [01;36m[Knote: [m[Kcandidate: ‘[01m[Ktemplate<class _Tp, class _Up> bool std::operator>=(const std::shared_ptr<_Tp>&, const std::shared_ptr<_Tp>&)[m[K’
  469 |     [01;36m[Koperator[m[K>=(const shared_ptr<_Tp>& __a, const shared_ptr<_Up>& __b) noexcept
      |     [01;36m[K^~~~~~~~[m[K
[01m[K/usr/include/c++/9/bits/shared_ptr.h:469:5:[m[K [01;36m[Knote: [m[K  template argument deduction/substitution failed:
[01m[K/home/cexxo/excercise4_ws/src/my_package/src/laserScanner.cpp:90:17:[m[K [01;36m[Knote: [m[K  ‘[01m[K__gnu_cxx::__alloc_traits<std::allocator<std::vector<float> >, std::vector<float> >::value_type[m[K’ {aka ‘[01m[Kstd::vector<float>[m[K’} is not derived from ‘[01m[Kconst std::shared_ptr<_Tp>[m[K’
   90 |   if(labels[i]>=[01;36m[KmaxLabel[m[K)
      |                 [01;36m[K^~~~~~~~[m[K
In file included from [01m[K/usr/include/c++/9/memory:81[m[K,
                 from [01m[K/usr/include/boost/config/no_tr1/memory.hpp:21[m[K,
                 from [01m[K/usr/include/boost/smart_ptr/shared_ptr.hpp:23[m[K,
                 from [01m[K/usr/include/boost/shared_ptr.hpp:17[m[K,
                 from [01m[K/opt/ros/noetic/include/ros/forwards.h:37[m[K,
                 from [01m[K/opt/ros/noetic/include/ros/common.h:37[m[K,
                 from [01m[K/opt/ros/noetic/include/ros/ros.h:43[m[K,
                 from [01m[K/home/cexxo/excercise4_ws/src/my_package/src/laserScanner.cpp:1[m[K:
[01m[K/usr/include/c++/9/bits/shared_ptr.h:474:5:[m[K [01;36m[Knote: [m[Kcandidate: ‘[01m[Ktemplate<class _Tp> bool std::operator>=(const std::shared_ptr<_Tp>&, std::nullptr_t)[m[K’
  474 |     [01;36m[Koperator[m[K>=(const shared_ptr<_Tp>& __a, nullptr_t) noexcept
      |     [01;36m[K^~~~~~~~[m[K
[01m[K/usr/include/c++/9/bits/shared_ptr.h:474:5:[m[K [01;36m[Knote: [m[K  template argument deduction/substitution failed:
[01m[K/home/cexxo/excercise4_ws/src/my_package/src/laserScanner.cpp:90:17:[m[K [01;36m[Knote: [m[K  ‘[01m[K__gnu_cxx::__alloc_traits<std::allocator<std::vector<float> >, std::vector<float> >::value_type[m[K’ {aka ‘[01m[Kstd::vector<float>[m[K’} is not derived from ‘[01m[Kconst std::shared_ptr<_Tp>[m[K’
   90 |   if(labels[i]>=[01;36m[KmaxLabel[m[K)
      |                 [01;36m[K^~~~~~~~[m[K
In file included from [01m[K/usr/include/c++/9/memory:81[m[K,
                 from [01m[K/usr/include/boost/config/no_tr1/memory.hpp:21[m[K,
                 from [01m[K/usr/include/boost/smart_ptr/shared_ptr.hpp:23[m[K,
                 from [01m[K/usr/include/boost/shared_ptr.hpp:17[m[K,
                 from [01m[K/opt/ros/noetic/include/ros/forwards.h:37[m[K,
                 from [01m[K/opt/ros/noetic/include/ros/common.h:37[m[K,
                 from [01m[K/opt/ros/noetic/include/ros/ros.h:43[m[K,
                 from [01m[K/home/cexxo/excercise4_ws/src/my_package/src/laserScanner.cpp:1[m[K:
[01m[K/usr/include/c++/9/bits/shared_ptr.h:479:5:[m[K [01;36m[Knote: [m[Kcandidate: ‘[01m[Ktemplate<class _Tp> bool std::operator>=(std::nullptr_t, const std::shared_ptr<_Tp>&)[m[K’
  479 |     [01;36m[Koperator[m[K>=(nullptr_t, const shared_ptr<_Tp>& __a) noexcept
      |     [01;36m[K^~~~~~~~[m[K
[01m[K/usr/include/c++/9/bits/shared_ptr.h:479:5:[m[K [01;36m[Knote: [m[K  template argument deduction/substitution failed:
[01m[K/home/cexxo/excercise4_ws/src/my_package/src/laserScanner.cpp:90:17:[m[K [01;36m[Knote: [m[K  mismatched types ‘[01m[Kconst std::shared_ptr<_Tp>[m[K’ and ‘[01m[Kint[m[K’
   90 |   if(labels[i]>=[01;36m[KmaxLabel[m[K)
      |                 [01;36m[K^~~~~~~~[m[K
In file included from [01m[K/usr/include/c++/9/bits/stl_algobase.h:67[m[K,
                 from [01m[K/usr/include/c++/9/bits/char_traits.h:39[m[K,
                 from [01m[K/usr/include/c++/9/string:40[m[K,
                 from [01m[K/opt/ros/noetic/include/ros/platform.h:38[m[K,
                 from [01m[K/opt/ros/noetic/include/ros/time.h:53[m[K,
                 from [01m[K/opt/ros/noetic/include/ros/ros.h:38[m[K,
                 from [01m[K/home/cexxo/excercise4_ws/src/my_package/src/laserScanner.cpp:1[m[K:
[01m[K/usr/include/c++/9/bits/stl_iterator.h:954:5:[m[K [01;36m[Knote: [m[Kcandidate: ‘[01m[Ktemplate<class _IteratorL, class _IteratorR, class _Container> bool __gnu_cxx::operator>=(const __gnu_cxx::__normal_iterator<_IteratorL, _Container>&, const __gnu_cxx::__normal_iterator<_IteratorR, _Container>&)[m[K’
  954 |     [01;36m[Koperator[m[K>=(const __normal_iterator<_IteratorL, _Container>& __lhs,
      |     [01;36m[K^~~~~~~~[m[K
[01m[K/usr/include/c++/9/bits/stl_iterator.h:954:5:[m[K [01;36m[Knote: [m[K  template argument deduction/substitution failed:
[01m[K/home/cexxo/excercise4_ws/src/my_package/src/laserScanner.cpp:90:17:[m[K [01;36m[Knote: [m[K  ‘[01m[K__gnu_cxx::__alloc_traits<std::allocator<std::vector<float> >, std::vector<float> >::value_type[m[K’ {aka ‘[01m[Kstd::vector<float>[m[K’} is not derived from ‘[01m[Kconst __gnu_cxx::__normal_iterator<_IteratorL, _Container>[m[K’
   90 |   if(labels[i]>=[01;36m[KmaxLabel[m[K)
      |                 [01;36m[K^~~~~~~~[m[K
In file included from [01m[K/usr/include/c++/9/bits/stl_algobase.h:67[m[K,
                 from [01m[K/usr/include/c++/9/bits/char_traits.h:39[m[K,
                 from [01m[K/usr/include/c++/9/string:40[m[K,
                 from [01m[K/opt/ros/noetic/include/ros/platform.h:38[m[K,
                 from [01m[K/opt/ros/noetic/include/ros/time.h:53[m[K,
                 from [01m[K/opt/ros/noetic/include/ros/ros.h:38[m[K,
                 from [01m[K/home/cexxo/excercise4_ws/src/my_package/src/laserScanner.cpp:1[m[K:
[01m[K/usr/include/c++/9/bits/stl_iterator.h:961:5:[m[K [01;36m[Knote: [m[Kcandidate: ‘[01m[Ktemplate<class _Iterator, class _Container> bool __gnu_cxx::operator>=(const __gnu_cxx::__normal_iterator<_Iterator, _Container>&, const __gnu_cxx::__normal_iterator<_Iterator, _Container>&)[m[K’
  961 |     [01;36m[Koperator[m[K>=(const __normal_iterator<_Iterator, _Container>& __lhs,
      |     [01;36m[K^~~~~~~~[m[K
[01m[K/usr/include/c++/9/bits/stl_iterator.h:961:5:[m[K [01;36m[Knote: [m[K  template argument deduction/substitution failed:
[01m[K/home/cexxo/excercise4_ws/src/my_package/src/laserScanner.cpp:90:17:[m[K [01;36m[Knote: [m[K  ‘[01m[K__gnu_cxx::__alloc_traits<std::allocator<std::vector<float> >, std::vector<float> >::value_type[m[K’ {aka ‘[01m[Kstd::vector<float>[m[K’} is not derived from ‘[01m[Kconst __gnu_cxx::__normal_iterator<_Iterator, _Container>[m[K’
   90 |   if(labels[i]>=[01;36m[KmaxLabel[m[K)
      |                 [01;36m[K^~~~~~~~[m[K
[01m[K/home/cexxo/excercise4_ws/src/my_package/src/laserScanner.cpp:91:21:[m[K [01;31m[Kerror: [m[Kcannot convert ‘[01m[K__gnu_cxx::__alloc_traits<std::allocator<std::vector<float> >, std::vector<float> >::value_type[m[K’ {aka ‘[01m[Kstd::vector<float>[m[K’} to ‘[01m[Kint[m[K’ in assignment
   91 |    maxLabel=labels[i[01;31m[K][m[K;
      |                     [01;31m[K^[m[K
[01m[K/home/cexxo/excercise4_ws/src/my_package/src/laserScanner.cpp:95:2:[m[K [01;31m[Kerror: [m[Kexpected initializer before ‘[01m[Kwhile[m[K’
   95 |  [01;31m[Kwhile[m[K(currentLabel<maxLabel){
      |  [01;31m[K^~~~~[m[K
[01m[K/home/cexxo/excercise4_ws/src/my_package/src/laserScanner.cpp:[m[K In function ‘[01m[Kvoid msgCallback(const LaserScanPtr&)[m[K’:
[01m[K/home/cexxo/excercise4_ws/src/my_package/src/laserScanner.cpp:138:66:[m[K [01;31m[Kerror: [m[Kcould not convert ‘[01m[KnewLabels[m[K’ from ‘[01m[Kvector<[01;32m[Kint[m[K>[m[K’ to ‘[01m[Kvector<[01;32m[Kstd::vector<float>[m[K>[m[K’
  138 |  std::vector<std::vector<float>> finalPoints = getCenters(points,[01;31m[KnewLabels[m[K);
      |                                                                  [01;31m[K^~~~~~~~~[m[K
      |                                                                  [01;31m[K|[m[K
      |                                                                  [01;31m[Kvector<int>[m[K
make[2]: *** [CMakeFiles/laserScanner.dir/build.make:63: CMakeFiles/laserScanner.dir/src/laserScanner.cpp.o] Error 1
make[1]: *** [CMakeFiles/Makefile2:701: CMakeFiles/laserScanner.dir/all] Error 2
make: *** [Makefile:141: all] Error 2
